
CLIENT_HANDSHAKE_TRAFFIC_SECRET eee557206b1d2774c1079ac5786a42755f242b535d1ebdc3c530f4d46f763422 3086ac85c88f9b75fb9a508c23a1eb08739bddf148cdd121d5c45d79d5b2f6a3
SERVER_HANDSHAKE_TRAFFIC_SECRET eee557206b1d2774c1079ac5786a42755f242b535d1ebdc3c530f4d46f763422 489f6fd7f92ccf955195aaab115015787ab1b533afccb35d122030f736beb88d
CLIENT_TRAFFIC_SECRET_0 eee557206b1d2774c1079ac5786a42755f242b535d1ebdc3c530f4d46f763422 d8eb14365c11444851d9ee9341a7ec0e8c635d67207e467faa44c8081271aaff
SERVER_TRAFFIC_SECRET_0 eee557206b1d2774c1079ac5786a42755f242b535d1ebdc3c530f4d46f763422 c9e7cca59e88040b12c75b17629da2a0bff5309062155fe42b75f157754e09f5
EXPORTER_SECRET eee557206b1d2774c1079ac5786a42755f242b535d1ebdc3c530f4d46f763422 fdc4ce89e19b4e430aef3140ee79fdc20511cd16d47a7f07a85cf3c7a5788cc6
CLIENT_HANDSHAKE_TRAFFIC_SECRET 9535dc3680f86267e3dbe753c2487745b29eda711122de8fad7645fea031dc76 85af2e7d4e894670ce7c679dc9f0492622cc395d8068c52889b09a5322349e0e
SERVER_HANDSHAKE_TRAFFIC_SECRET 9535dc3680f86267e3dbe753c2487745b29eda711122de8fad7645fea031dc76 eda0c167ada65285109576ea9be7db78a22f5abf016b7a1e8fe2d34ed9b99a86
CLIENT_TRAFFIC_SECRET_0 9535dc3680f86267e3dbe753c2487745b29eda711122de8fad7645fea031dc76 c4db11f0e24b83073914ef38aa44e05b9a5494e636f97ac99216a9ccf7f53eaa
SERVER_TRAFFIC_SECRET_0 9535dc3680f86267e3dbe753c2487745b29eda711122de8fad7645fea031dc76 0824481737ec7d19f950afc8ec3877218e39f78433973f24159f60e568333e6a
EXPORTER_SECRET 9535dc3680f86267e3dbe753c2487745b29eda711122de8fad7645fea031dc76 30732ae2ad8eff38ba2164b5d4b1adc370a92650d8c2c085142de072adbd3f39
CLIENT_HANDSHAKE_TRAFFIC_SECRET c9481d09d6d47fda0dd25e206fa14449276d34e919c15df99c22e1a4326d0dd7 3f5587a4a546cfd407334cc625281f628787481f33454a3eac83d556b00f9063
SERVER_HANDSHAKE_TRAFFIC_SECRET c9481d09d6d47fda0dd25e206fa14449276d34e919c15df99c22e1a4326d0dd7 7be65769e69927b5a16468d18c40206112c2426093b789ed5254a5d053da067d
CLIENT_TRAFFIC_SECRET_0 c9481d09d6d47fda0dd25e206fa14449276d34e919c15df99c22e1a4326d0dd7 7ab7b709425a8d9eda033e1781548203d4a3d59e45250dc7da7c04a21e000da0
SERVER_TRAFFIC_SECRET_0 c9481d09d6d47fda0dd25e206fa14449276d34e919c15df99c22e1a4326d0dd7 20113ebe40453dd5cb591290117317f625547093ff7c9c96fbe8c3d300632756
EXPORTER_SECRET c9481d09d6d47fda0dd25e206fa14449276d34e919c15df99c22e1a4326d0dd7 e948179fd0a7843e027dea48228505f65fdf817040bd82f97b646b741f383568
CLIENT_HANDSHAKE_TRAFFIC_SECRET 7b86e8f420a8156e883223f43330bf99bc1a6a5e1baf9a0e9568644d1c9bd7b2 282035a2d21105774bad30f67a228fbad18b3930133517de1d0ac75f7543b7f5
SERVER_HANDSHAKE_TRAFFIC_SECRET 7b86e8f420a8156e883223f43330bf99bc1a6a5e1baf9a0e9568644d1c9bd7b2 d90f1298bd1901d8d509e1e694efc34725378ff31169609ee18decfd346a80f7
CLIENT_HANDSHAKE_TRAFFIC_SECRET 3b375af5f35bdd6db3918d015f05e7e7c7c0349e955cd0eb16401079729b0009 587ece82f1e5e7ec57a0d2f02a44907ba2e49cce1acc93156c4217791e41e034
SERVER_HANDSHAKE_TRAFFIC_SECRET 3b375af5f35bdd6db3918d015f05e7e7c7c0349e955cd0eb16401079729b0009 ec03bf4b89da5e9e78e39d813123ba8695833a97f2f8e080a1de83be7393aa6c
CLIENT_TRAFFIC_SECRET_0 7b86e8f420a8156e883223f43330bf99bc1a6a5e1baf9a0e9568644d1c9bd7b2 bcc2d06050446fadc28f1e3c941f6079b3abfdc5dafae8b8466ebfb2ad85d3c7
SERVER_TRAFFIC_SECRET_0 7b86e8f420a8156e883223f43330bf99bc1a6a5e1baf9a0e9568644d1c9bd7b2 617d503d551a97d294ce02c625d159897b77f9c9524e78d34e19e95af86d96ec
EXPORTER_SECRET 7b86e8f420a8156e883223f43330bf99bc1a6a5e1baf9a0e9568644d1c9bd7b2 7b192472d63242b5d6f3adc10f94cc1bda79deeb73f2ebaaee4039c874184902
CLIENT_TRAFFIC_SECRET_0 3b375af5f35bdd6db3918d015f05e7e7c7c0349e955cd0eb16401079729b0009 9d18022ec276a87a073a8a0c1f91023d8cba85f03ca1f69401f4b4477d1aef24
SERVER_TRAFFIC_SECRET_0 3b375af5f35bdd6db3918d015f05e7e7c7c0349e955cd0eb16401079729b0009 e52416ac43fcf074ff1a60a77168a9ad4f849ab8e1a8cefe7bd0fbb0754ce272
EXPORTER_SECRET 3b375af5f35bdd6db3918d015f05e7e7c7c0349e955cd0eb16401079729b0009 90c598dd04ffb540941ecd783466a2ff956bb8f0e0091b85514309112112f48e
CLIENT_HANDSHAKE_TRAFFIC_SECRET d78ab6e623856fefdfe1f6b732aa0466a05bd68e6f1505f11e1b86c0b03b75f7 d4e7b7a0b9af5df94219923cfb16ace1a079bc104ede6ceb76f7c87a04e91ec1
SERVER_HANDSHAKE_TRAFFIC_SECRET d78ab6e623856fefdfe1f6b732aa0466a05bd68e6f1505f11e1b86c0b03b75f7 7b37b2038b19dcef3048c122fb0075485487e47e03cd857c4323f06373de0e2e
CLIENT_TRAFFIC_SECRET_0 d78ab6e623856fefdfe1f6b732aa0466a05bd68e6f1505f11e1b86c0b03b75f7 7f6931479bb4cd8367463ea3e917df307d8c8cae8fc155cc98c6c93a90848b7b
SERVER_TRAFFIC_SECRET_0 d78ab6e623856fefdfe1f6b732aa0466a05bd68e6f1505f11e1b86c0b03b75f7 e91ba5f5dadb4ebafed844c119f3855de6a5e3cf02b028b4234525a599a198a8
EXPORTER_SECRET d78ab6e623856fefdfe1f6b732aa0466a05bd68e6f1505f11e1b86c0b03b75f7 8cc22bd31e28471bbddf6f9d350893ef46c61cf27ce69e8a8910af7f2fdd4c13
CLIENT_HANDSHAKE_TRAFFIC_SECRET af547e4b21f27f19f531a106a07e918bb09507b7e1705b613a0ddfffa518be52 aa4f9d5ec54f9ef6e432c277ae7be577a7e5f0922b2ccb4a02a65087b8aa8905
SERVER_HANDSHAKE_TRAFFIC_SECRET af547e4b21f27f19f531a106a07e918bb09507b7e1705b613a0ddfffa518be52 4154ced699a0ef96e846eaa16dd2cb400ba4fc1a97f48480b7020529eb1895c1
CLIENT_TRAFFIC_SECRET_0 af547e4b21f27f19f531a106a07e918bb09507b7e1705b613a0ddfffa518be52 47c7e767214aabbbd6a8d5616731f0bc19c5a1606663e90d953f7409366c18e4
SERVER_TRAFFIC_SECRET_0 af547e4b21f27f19f531a106a07e918bb09507b7e1705b613a0ddfffa518be52 2a6029d040061458da2baed66d58949f3c49e78e4f6cb5c6ba4b35672b06cca3
EXPORTER_SECRET af547e4b21f27f19f531a106a07e918bb09507b7e1705b613a0ddfffa518be52 530decd54330ee776c87ba37f0264b244e1b4d4961d061816a179ed5c582ca62
CLIENT_HANDSHAKE_TRAFFIC_SECRET 980fb0e5cc28fd8f9a62b9531b02cb70076165273d3fe54b12d183e84055a434 0f02835e7f2281b4a5339877afaa620b4e97af962d1645f1123d2349e1a95520
SERVER_HANDSHAKE_TRAFFIC_SECRET 980fb0e5cc28fd8f9a62b9531b02cb70076165273d3fe54b12d183e84055a434 3532b3877fc8f12ae9b472375a71c157261351a80dd654d3a5e24ebd2d8bbb36
CLIENT_TRAFFIC_SECRET_0 980fb0e5cc28fd8f9a62b9531b02cb70076165273d3fe54b12d183e84055a434 a9b6cc7427bd80d80ac7c95026adb60eb1b6580e2a82ea9111a0ef75b602b6df
SERVER_TRAFFIC_SECRET_0 980fb0e5cc28fd8f9a62b9531b02cb70076165273d3fe54b12d183e84055a434 e0b6de855f98e029fe3b3310a6d1deaea17bdb61c6ca5534fde7eb11f3b4f753
EXPORTER_SECRET 980fb0e5cc28fd8f9a62b9531b02cb70076165273d3fe54b12d183e84055a434 b9f97cbce415de93e87f55ba1ba515bebef29f5ec89d2e7cd5f867f4ce0bf3a9
